Log started at 12/06/2022 14:58:57 (2022-06-12T12:58:57Z)
No config file at C:\Users\HyperWorks\Documents\Unreal Engine\UnrealBuildTool\BuildConfiguration.xml
Configuration will be read from:
  C:\Users\HyperWorks\AppData\Roaming\Unreal Engine\UnrealBuildTool\BuildConfiguration.xml
Log file: D:\Unreal\LyraStarterGameBased\Saved\Logs\UnrealVersionSelector-2022.06.12-14.58.57.log

Note: Android toolchain NDK r21b recommended
Found Windows 10 SDK root at C:\Program Files (x86)\Windows Kits\10 (1)
Found Windows 10 SDK root at C:\Program Files (x86)\Windows Kits\10 (2)
Found Windows 10 SDK version 10.0.18362.0 at C:\Program Files (x86)\Windows Kits\10
Found Universal CRT version 10.0.18362.0 at C:\Program Files (x86)\Windows Kits\10
Found Windows 10 SDK version 10.0.19041.0 at C:\Program Files (x86)\Windows Kits\10
Found Universal CRT version 10.0.19041.0 at C:\Program Files (x86)\Windows Kits\10
Win64 using Manual SDK 10.0.18362.0
Log file: C:\Users\HyperWorks\AppData\Local\UnrealBuildTool\Log_GPF.txt
Deleting old log file: C:\Users\HyperWorks\AppData\Local\UnrealBuildTool\Log_GPF-backup-2022.05.15-18.43.25.txt

---   SDK INFO START   ---

Some Platforms were skipped due to invalid SDK setup: IOS, Android, Linux, LinuxArm64.
See the log file for detailed information

---   SDK INFO END   ---

Discovering modules, targets and source code for project...
Found Visual Studio installation: C:\Program Files (x86)\Microsoft Visual Studio\2019\Community (Product=Microsoft.VisualStudio.Product.Community, Version=16.11.31911.196)
Found Visual Studio installation: C:\Program Files\Microsoft Visual Studio\2022\Community (Product=Microsoft.VisualStudio.Product.Community, Version=17.2.32526.322)
Found Visual Studio toolchain: C:\Program Files\Microsoft Visual Studio\2022\Community\VC\Tools\MSVC\14.32.31326 (Family=14.32.31326, FamilyRank=1, Version=14.32.31329, Is64Bit=True, Preview=False, Architecture=x64, Error=False, Redist=C:\Program Files\Microsoft Visual Studio\2022\Community\VC\Redist\MSVC\14.32.31326)
Found Visual Studio toolchain: C:\Program Files (x86)\Microsoft Visual Studio\2019\Community\VC\Tools\MSVC\14.29.30133 (Family=14.29.30133, FamilyRank=0, Version=14.29.30137, Is64Bit=True, Preview=False, Architecture=x64, Error=False, Redist=C:\Program Files (x86)\Microsoft Visual Studio\2019\Community\VC\Redist\MSVC\14.29.30133)
Found Visual Studio toolchain: C:\Program Files (x86)\Microsoft Visual Studio\2019\Community\VC\Tools\MSVC\14.29.30133 (Family=14.29.30133, FamilyRank=0, Version=14.29.30137, Is64Bit=True, Preview=False, Architecture=ARM64, Error=False, Redist=C:\Program Files (x86)\Microsoft Visual Studio\2019\Community\VC\Redist\MSVC\14.29.30133)
Skipping C:\Program Files\Epic Games\UE_5.0\Engine\Intermediate\Build\BuildRules\UE5Rules.dll: File is installed
Skipping C:\Program Files\Epic Games\UE_5.0\Engine\Intermediate\Build\BuildRules\UE5ProgramRules.dll: File is installed
Compiling D:\Unreal\LyraStarterGameBased\Intermediate\Build\BuildRules\LyraStarterGameBasedModuleRules.dll: Added source file (D:\Unreal\LyraStarterGameBased\Plugins\Developer\RiderLink\Source\RD\RD.Build.cs)
WARNING: LyraGameEOS and dynamic target options are disabled when packaging from an installed version of the engine
Compiling GameFeaturePlugins in branch ++UE5+Release-5.0
Binding IntelliSense data...
@progress 'Binding IntelliSense data...' 0%
Enabling plugin 'ShooterCore' (referenced via target settings)
Enabling plugin 'GameplayAbilities' (referenced via target settings -> ShooterCore.uplugin)
Enabling plugin 'GameplayTagsEditor' (referenced via target settings -> ShooterCore.uplugin -> GameplayAbilities.uplugin)
Enabling plugin 'Niagara' (referenced via target settings -> ShooterCore.uplugin -> GameplayAbilities.uplugin)
Enabling plugin 'PythonScriptPlugin' (referenced via target settings -> ShooterCore.uplugin -> GameplayAbilities.uplugin -> Niagara.uplugin)
Enabling plugin 'ContentBrowserFileDataSource' (referenced via target settings -> ShooterCore.uplugin -> GameplayAbilities.uplugin -> Niagara.uplugin -> PythonScriptPlugin.uplugin)
Enabling plugin 'DataRegistry' (referenced via target settings -> ShooterCore.uplugin -> GameplayAbilities.uplugin)
Enabling plugin 'AssetManagerEditor' (referenced via target settings -> ShooterCore.uplugin -> GameplayAbilities.uplugin -> DataRegistry.uplugin)
Enabling plugin 'ModularGameplay' (referenced via target settings -> ShooterCore.uplugin)
Enabling plugin 'GameplayMessageRouter' (referenced via target settings -> ShooterCore.uplugin)
Enabling plugin 'AsyncMixin' (referenced via target settings -> ShooterCore.uplugin)
Enabling plugin 'CommonUI' (referenced via target settings -> ShooterCore.uplugin)
Enabling plugin 'CommonGame' (referenced via target settings -> ShooterCore.uplugin)
Enabling plugin 'CommonUser' (referenced via target settings -> ShooterCore.uplugin -> CommonGame.uplugin)
Enabling plugin 'OnlineSubsystem' (referenced via target settings -> ShooterCore.uplugin -> CommonGame.uplugin -> CommonUser.uplugin)
Enabling plugin 'OnlineBase' (referenced via target settings -> ShooterCore.uplugin -> CommonGame.uplugin -> CommonUser.uplugin -> OnlineSubsystem.uplugin)
Enabling plugin 'OnlineSubsystemUtils' (referenced via target settings -> ShooterCore.uplugin -> CommonGame.uplugin -> CommonUser.uplugin)
Enabling plugin 'OnlineServices' (referenced via target settings -> ShooterCore.uplugin -> CommonGame.uplugin -> CommonUser.uplugin -> OnlineSubsystemUtils.uplugin)
Enabling plugin 'ModularGameplayActors' (referenced via target settings -> ShooterCore.uplugin -> CommonGame.uplugin)
Enabling plugin 'OnlineFramework' (referenced via target settings -> ShooterCore.uplugin -> CommonGame.uplugin)
Enabling plugin 'GameSubtitles' (referenced via target settings -> ShooterCore.uplugin)
Enabling plugin 'EnhancedInput' (referenced via target settings -> ShooterCore.uplugin)
Enabling plugin 'LyraExampleContent' (referenced via target settings -> ShooterCore.uplugin)
Enabling plugin 'ShooterMaps' (referenced via target settings)
Enabling plugin 'TopDownArena' (referenced via target settings)
Enabling plugin 'RemoteSession' (referenced via target settings)
Enabling plugin 'BackChannel' (referenced via target settings -> RemoteSession.uplugin)
Enabling plugin 'AppleImageUtils' (referenced via target settings -> RemoteSession.uplugin)
Enabling plugin 'MediaIOFramework' (referenced via target settings -> RemoteSession.uplugin)
Enabling plugin 'ActorPalette' (referenced via LyraStarterGameBased.uproject)
Enabling plugin 'Gauntlet' (referenced via LyraStarterGameBased.uproject)
Enabling plugin 'CommonLoadingScreen' (referenced via LyraStarterGameBased.uproject)
Enabling plugin 'CommonConversation' (referenced via LyraStarterGameBased.uproject)
Enabling plugin 'GameFeatures' (referenced via LyraStarterGameBased.uproject -> CommonConversation.uplugin)
Enabling plugin 'AssetReferenceRestrictions' (referenced via LyraStarterGameBased.uproject -> CommonConversation.uplugin -> GameFeatures.uplugin)
Enabling plugin 'DataValidation' (referenced via LyraStarterGameBased.uproject -> CommonConversation.uplugin -> GameFeatures.uplugin -> AssetReferenceRestrictions.uplugin)
Enabling plugin 'WinDualShock' (referenced via LyraStarterGameBased.uproject)
Enabling plugin 'Volumetrics' (referenced via LyraStarterGameBased.uproject)
Enabling plugin 'BlueprintMaterialTextureNodes' (referenced via LyraStarterGameBased.uproject -> Volumetrics.uplugin)
Enabling plugin 'Landmass' (referenced via LyraStarterGameBased.uproject -> Volumetrics.uplugin)
Enabling plugin 'ReplicationGraph' (referenced via LyraStarterGameBased.uproject)
Enabling plugin 'SignificanceManager' (referenced via LyraStarterGameBased.uproject)
Enabling plugin 'Water' (referenced via LyraStarterGameBased.uproject)
Enabling plugin 'GeometryProcessing' (referenced via LyraStarterGameBased.uproject -> Water.uplugin)
Enabling plugin 'ControlFlows' (referenced via LyraStarterGameBased.uproject)
Enabling plugin 'GameSettings' (referenced via LyraStarterGameBased.uproject)
Enabling plugin 'PocketWorlds' (referenced via LyraStarterGameBased.uproject)
Enabling plugin 'UIExtension' (referenced via LyraStarterGameBased.uproject)
Enabling plugin 'Metasound' (referenced via LyraStarterGameBased.uproject)
Enabling plugin 'AudioWidgets' (referenced via LyraStarterGameBased.uproject -> Metasound.uplugin)
Enabling plugin 'AudioSynesthesia' (referenced via LyraStarterGameBased.uproject -> Metasound.uplugin)
Enabling plugin 'OnlineSubsystemEOS' (referenced via LyraStarterGameBased.uproject)
Enabling plugin 'EOSShared' (referenced via LyraStarterGameBased.uproject -> OnlineSubsystemEOS.uplugin)
Enabling plugin 'EOSVoiceChat' (referenced via LyraStarterGameBased.uproject -> OnlineSubsystemEOS.uplugin)
Enabling plugin 'SocketSubsystemEOS' (referenced via LyraStarterGameBased.uproject -> OnlineSubsystemEOS.uplugin)
Enabling plugin 'OnlineServicesEOS' (referenced via LyraStarterGameBased.uproject)
Enabling plugin 'OnlineServicesNull' (referenced via LyraStarterGameBased.uproject)
Enabling plugin 'OnlineServicesOSSAdapter' (referenced via LyraStarterGameBased.uproject)
Enabling plugin 'OnlineSubsystemSteam' (referenced via LyraStarterGameBased.uproject)
Enabling plugin 'SteamShared' (referenced via LyraStarterGameBased.uproject -> OnlineSubsystemSteam.uplugin)
Enabling plugin 'SteamSockets' (referenced via LyraStarterGameBased.uproject)
Enabling plugin 'ModelingToolsEditorMode' (referenced via LyraStarterGameBased.uproject)
Enabling plugin 'MeshModelingToolset' (referenced via LyraStarterGameBased.uproject -> ModelingToolsEditorMode.uplugin)
Enabling plugin 'ProxyLODPlugin' (referenced via LyraStarterGameBased.uproject -> ModelingToolsEditorMode.uplugin -> MeshModelingToolset.uplugin)
Enabling plugin 'HairStrands' (referenced via LyraStarterGameBased.uproject -> ModelingToolsEditorMode.uplugin -> MeshModelingToolset.uplugin)
Enabling plugin 'GeometryCache' (referenced via LyraStarterGameBased.uproject -> ModelingToolsEditorMode.uplugin -> MeshModelingToolset.uplugin -> HairStrands.uplugin)
Enabling plugin 'MeshModelingToolsetExp' (referenced via LyraStarterGameBased.uproject -> ModelingToolsEditorMode.uplugin)
Enabling plugin 'MeshLODToolset' (referenced via LyraStarterGameBased.uproject -> ModelingToolsEditorMode.uplugin)
Enabling plugin 'GeometryFlow' (referenced via LyraStarterGameBased.uproject -> ModelingToolsEditorMode.uplugin -> MeshLODToolset.uplugin)
Enabling plugin 'EditorScriptingUtilities' (referenced via LyraStarterGameBased.uproject -> ModelingToolsEditorMode.uplugin -> MeshLODToolset.uplugin)
Enabling plugin 'StylusInput' (referenced via LyraStarterGameBased.uproject -> ModelingToolsEditorMode.uplugin)
Enabling plugin 'GeometryScripting' (referenced via LyraStarterGameBased.uproject)
Enabling plugin 'AnimationLocomotionLibrary' (referenced via LyraStarterGameBased.uproject)
Enabling plugin 'AudioModulation' (referenced via LyraStarterGameBased.uproject)
Enabling plugin 'AudioGameplayVolume' (referenced via LyraStarterGameBased.uproject)
Enabling plugin 'AudioGameplay' (referenced via LyraStarterGameBased.uproject -> AudioGameplayVolume.uplugin)
Enabling plugin 'SoundUtilities' (referenced via LyraStarterGameBased.uproject)
Enabling plugin 'AnimationWarping' (referenced via LyraStarterGameBased.uproject)
Enabling plugin 'MovieRenderPipeline' (referenced via LyraStarterGameBased.uproject)
Enabling plugin 'ActorLayerUtilities' (referenced via LyraStarterGameBased.uproject -> MovieRenderPipeline.uplugin)
Enabling plugin 'LevelSequenceEditor' (referenced via LyraStarterGameBased.uproject -> MovieRenderPipeline.uplugin)
Enabling plugin 'SequencerScripting' (referenced via LyraStarterGameBased.uproject -> MovieRenderPipeline.uplugin -> LevelSequenceEditor.uplugin)
Enabling plugin 'OpenColorIO' (referenced via LyraStarterGameBased.uproject -> MovieRenderPipeline.uplugin)
Enabling plugin 'MoviePipelineMaskRenderPass' (referenced via LyraStarterGameBased.uproject)
Enabling plugin 'AssetSearch' (referenced via LyraStarterGameBased.uproject)
Enabling plugin 'SQLiteCore' (referenced via LyraStarterGameBased.uproject -> AssetSearch.uplugin)
Enabling plugin 'GameplayInsights' (referenced via LyraStarterGameBased.uproject)
Enabling plugin 'Spatialization' (referenced via LyraStarterGameBased.uproject)
Enabling plugin 'Bridge' (referenced via LyraStarterGameBased.uproject)
Enabling plugin 'RiderLink' (referenced via default plugins)
Enabling plugin 'LyraExtTool' (referenced via default plugins)
Enabling plugin 'Paper2D' (referenced via default plugins)
Enabling plugin 'AISupport' (referenced via default plugins)
Enabling plugin 'EnvironmentQueryEditor' (referenced via default plugins)
Enabling plugin 'AnimationModifierLibrary' (referenced via default plugins)
Enabling plugin 'BlendSpaceMotionAnalysis' (referenced via default plugins)
Enabling plugin 'ControlRigSpline' (referenced via default plugins)
Enabling plugin 'ControlRig' (referenced via default plugins -> ControlRigSpline.uplugin)
Enabling plugin 'PropertyAccessEditor' (referenced via default plugins -> ControlRigSpline.uplugin -> ControlRig.uplugin)
Enabling plugin 'IKRig' (referenced via default plugins)
Enabling plugin 'FullBodyIK' (referenced via default plugins -> IKRig.uplugin)
Enabling plugin 'CameraShakePreviewer' (referenced via default plugins)
Enabling plugin 'GameplayCameras' (referenced via default plugins -> CameraShakePreviewer.uplugin)
Enabling plugin 'TemplateSequence' (referenced via default plugins -> CameraShakePreviewer.uplugin -> GameplayCameras.uplugin)
Enabling plugin 'OodleNetwork' (referenced via default plugins)
Enabling plugin 'AnimationSharing' (referenced via default plugins)
Enabling plugin 'CLionSourceCodeAccess' (referenced via default plugins)
Enabling plugin 'CodeLiteSourceCodeAccess' (referenced via default plugins)
Enabling plugin 'GitSourceControl' (referenced via default plugins)
Enabling plugin 'KDevelopSourceCodeAccess' (referenced via default plugins)
Enabling plugin 'NullSourceCodeAccess' (referenced via default plugins)
Enabling plugin 'PerforceSourceControl' (referenced via default plugins)
Enabling plugin 'PixWinPlugin' (referenced via default plugins)
Enabling plugin 'PlasticSourceControl' (referenced via default plugins)
Enabling plugin 'PluginUtils' (referenced via default plugins)
Enabling plugin 'PropertyAccessNode' (referenced via default plugins)
Enabling plugin 'RiderSourceCodeAccess' (referenced via default plugins)
Enabling plugin 'SubversionSourceControl' (referenced via default plugins)
Enabling plugin 'TextureFormatOodle' (referenced via default plugins)
Enabling plugin 'TraceDataFilters' (referenced via default plugins)
Enabling plugin 'UObjectPlugin' (referenced via default plugins)
Enabling plugin 'VisualStudioCodeSourceCodeAccess' (referenced via default plugins)
Enabling plugin 'VisualStudioSourceCodeAccess' (referenced via default plugins)
Enabling plugin 'XCodeSourceCodeAccess' (referenced via default plugins)
Enabling plugin 'ContentBrowserAssetDataSource' (referenced via default plugins)
Enabling plugin 'ContentBrowserClassDataSource' (referenced via default plugins)
Enabling plugin 'CryptoKeys' (referenced via default plugins)
Enabling plugin 'CurveEditorTools' (referenced via default plugins)
Enabling plugin 'EditorDebugTools' (referenced via default plugins)
Enabling plugin 'FacialAnimation' (referenced via default plugins)
Enabling plugin 'GeometryMode' (referenced via default plugins)
Enabling plugin 'MacGraphicsSwitching' (referenced via default plugins)
Enabling plugin 'MaterialAnalyzer' (referenced via default plugins)
Enabling plugin 'MobileLauncherProfileWizard' (referenced via default plugins)
Enabling plugin 'PluginBrowser' (referenced via default plugins)
Enabling plugin 'SequencerAnimTools' (referenced via default plugins)
Enabling plugin 'SpeedTreeImporter' (referenced via default plugins)
Enabling plugin 'WorldPartitionHLODUtilities' (referenced via default plugins)
Enabling plugin 'DatasmithContent' (referenced via default plugins)
Enabling plugin 'VariantManagerContent' (referenced via default plugins -> DatasmithContent.uplugin)
Enabling plugin 'AutomationUtils' (referenced via default plugins)
Enabling plugin 'ChaosClothEditor' (referenced via default plugins)
Enabling plugin 'ChaosCloth' (referenced via default plugins -> ChaosClothEditor.uplugin)
Enabling plugin 'ChaosEditor' (referenced via default plugins)
Enabling plugin 'PlanarCut' (referenced via default plugins -> ChaosEditor.uplugin)
Enabling plugin 'GeometryCollectionPlugin' (referenced via default plugins -> ChaosEditor.uplugin)
Enabling plugin 'ProceduralMeshComponent' (referenced via default plugins -> ChaosEditor.uplugin -> GeometryCollectionPlugin.uplugin)
Enabling plugin 'ChaosSolverPlugin' (referenced via default plugins -> ChaosEditor.uplugin -> GeometryCollectionPlugin.uplugin)
Enabling plugin 'ChaosNiagara' (referenced via default plugins)
Enabling plugin 'CharacterAI' (referenced via default plugins)
Enabling plugin 'InterchangeEditor' (referenced via default plugins)
Enabling plugin 'Interchange' (referenced via default plugins -> InterchangeEditor.uplugin)
Enabling plugin 'OpenImageDenoise' (referenced via default plugins)
Enabling plugin 'PlatformCrypto' (referenced via default plugins)
Enabling plugin 'SkeletalReduction' (referenced via default plugins)
Enabling plugin 'FastBuildController' (referenced via default plugins)
Enabling plugin 'AlembicImporter' (referenced via default plugins)
Enabling plugin 'AndroidMedia' (referenced via default plugins)
Enabling plugin 'AvfMedia' (referenced via default plugins)
Enabling plugin 'ImgMedia' (referenced via default plugins)
Enabling plugin 'MediaCompositing' (referenced via default plugins)
Enabling plugin 'MediaPlayerEditor' (referenced via default plugins)
Enabling plugin 'WmfMedia' (referenced via default plugins)
Enabling plugin 'MeshPainting' (referenced via default plugins)
Enabling plugin 'TcpMessaging' (referenced via default plugins)
Enabling plugin 'UdpMessaging' (referenced via default plugins)
Enabling plugin 'ActorSequence' (referenced via default plugins)
Enabling plugin 'MatineeToLevelSequence' (referenced via default plugins)
Enabling plugin 'OnlineSubsystemGooglePlay' (referenced via default plugins)
Enabling plugin 'AndroidPermission' (referenced via default plugins -> OnlineSubsystemGooglePlay.uplugin)
Enabling plugin 'OnlineSubsystemIOS' (referenced via default plugins)
Enabling plugin 'OnlineSubsystemNull' (referenced via default plugins)
Enabling plugin 'LauncherChunkInstaller' (referenced via default plugins)
Enabling plugin 'AndroidDeviceProfileSelector' (referenced via default plugins)
Enabling plugin 'AndroidFileServer' (referenced via default plugins)
Enabling plugin 'AndroidMoviePlayer' (referenced via default plugins)
Enabling plugin 'AppleMoviePlayer' (referenced via default plugins)
Enabling plugin 'ArchVisCharacter' (referenced via default plugins)
Enabling plugin 'AssetTags' (referenced via default plugins)
Enabling plugin 'AudioCapture' (referenced via default plugins)
Enabling plugin 'CableComponent' (referenced via default plugins)
Enabling plugin 'ChunkDownloader' (referenced via default plugins)
Enabling plugin 'CustomMeshComponent' (referenced via default plugins)
Enabling plugin 'ExampleDeviceProfileSelector' (referenced via default plugins)
Enabling plugin 'GoogleCloudMessaging' (referenced via default plugins)
Enabling plugin 'GooglePAD' (referenced via default plugins)
Enabling plugin 'IOSDeviceProfileSelector' (referenced via default plugins)
Enabling plugin 'LinuxDeviceProfileSelector' (referenced via default plugins)
Enabling plugin 'LocationServicesBPLibrary' (referenced via default plugins)
Enabling plugin 'MobilePatchingUtils' (referenced via default plugins)
Enabling plugin 'SoundFields' (referenced via default plugins)
Enabling plugin 'Synthesis' (referenced via default plugins)
Enabling plugin 'WebMMoviePlayer' (referenced via default plugins)
Enabling plugin 'WebMMedia' (referenced via default plugins -> WebMMoviePlayer.uplugin)
Enabling plugin 'WindowsDeviceProfileSelector' (referenced via default plugins)
Enabling plugin 'WindowsMoviePlayer' (referenced via default plugins)
Enabling plugin 'XGEController' (referenced via default plugins)
Compiler: C:\Program Files (x86)\Microsoft Visual Studio\2019\Community\VC\Tools\MSVC\14.29.30133\bin\HostX64\x64\cl.exe
Linker: C:\Program Files (x86)\Microsoft Visual Studio\2019\Community\VC\Tools\MSVC\14.29.30133\bin\HostX64\x64\link.exe
Library Manager: C:\Program Files (x86)\Microsoft Visual Studio\2019\Community\VC\Tools\MSVC\14.29.30133\bin\HostX64\x64\lib.exe
Resource Compiler: C:\Program Files (x86)\Windows Kits\10\bin\10.0.18362.0\x64\rc.exe
@progress 'Binding IntelliSense data...' 100%
Writing project files...
@progress 'Writing project files...' 0%
@progress 'Writing project files...' 25%
@progress 'Writing project files...' 50%
@progress 'Writing project files...' 75%
@progress 'Writing project files...' 100%
WriteFileIfChanged() wrote 6 changed files of 25 requested writes.
Timeline:

[ 0.000]
[ 0.000](+4.077) <unknown>
[ 4.077]
